2026-07-02T13:26:53.060+05:30  INFO 8648 --- [quitq] [restartedMain] com.quitq.QuitqApplication               : Starting QuitqApplication using Java 21.0.11 with PID 8648 (D:\Download\quitq\quitq\target\classes started by Sweatha R in D:\Download\quitq\quitq)
2026-07-02T13:26:53.067+05:30  INFO 8648 --- [quitq] [restartedMain] com.quitq.QuitqApplication               : No active profile set, falling back to 1 default profile: "default"
2026-07-02T13:26:53.187+05:30  INFO 8648 --- [quitq] [restartedMain] .e.DevToolsPropertyDefaultsPostProcessor : Devtools property defaults active! Set 'spring.devtools.add-properties' to 'false' to disable
2026-07-02T13:26:53.187+05:30  INFO 8648 --- [quitq] [restartedMain] .e.DevToolsPropertyDefaultsPostProcessor : For additional web related logging consider setting the 'logging.level.web' property to 'DEBUG'
2026-07-02T13:26:55.645+05:30  INFO 8648 --- [quitq] [restartedMain] .s.d.r.c.RepositoryConfigurationDelegate : Bootstrapping Spring Data JPA repositories in DEFAULT mode.
2026-07-02T13:26:55.876+05:30  INFO 8648 --- [quitq] [restartedMain] .s.d.r.c.RepositoryConfigurationDelegate : Finished Spring Data repository scanning in 203 ms. Found 10 JPA repository interfaces.
2026-07-02T13:26:57.634+05:30  INFO 8648 --- [quitq] [restartedMain] o.s.boot.tomcat.TomcatWebServer          : Tomcat initialized with port 8080 (http)
2026-07-02T13:26:57.684+05:30  INFO 8648 --- [quitq] [restartedMain] o.apache.catalina.core.StandardService   : Starting service [Tomcat]
2026-07-02T13:26:57.685+05:30  INFO 8648 --- [quitq] [restartedMain] o.apache.catalina.core.StandardEngine    : Starting Servlet engine: [Apache Tomcat/11.0.21]
2026-07-02T13:26:57.851+05:30  INFO 8648 --- [quitq] [restartedMain] b.w.c.s.WebApplicationContextInitializer : Root WebApplicationContext: initialization completed in 4660 ms
2026-07-02T13:26:58.482+05:30  INFO 8648 --- [quitq] [restartedMain] org.hibernate.orm.jpa                    : HHH008540: Processing PersistenceUnitInfo [name: default]
2026-07-02T13:26:58.619+05:30  INFO 8648 --- [quitq] [restartedMain] org.hibernate.orm.core                   : HHH000001: Hibernate ORM core version 7.2.12.Final
2026-07-02T13:26:59.752+05:30  INFO 8648 --- [quitq] [restartedMain] o.s.o.j.p.SpringPersistenceUnitInfo      : No LoadTimeWeaver setup: ignoring JPA class transformer
2026-07-02T13:26:59.803+05:30  INFO 8648 --- [quitq] [restartedMain] com.zaxxer.hikari.HikariDataSource       : HikariPool-1 - Starting...
2026-07-02T13:27:00.440+05:30  INFO 8648 --- [quitq] [restartedMain] com.zaxxer.hikari.pool.HikariPool        : HikariPool-1 - Added connection com.mysql.cj.jdbc.ConnectionImpl@7a9076e
2026-07-02T13:27:00.443+05:30  INFO 8648 --- [quitq] [restartedMain] com.zaxxer.hikari.HikariDataSource       : HikariPool-1 - Start completed.
2026-07-02T13:27:00.549+05:30  WARN 8648 --- [quitq] [restartedMain] org.hibernate.orm.deprecation            : HHH90000025: MySQLDialect does not need to be specified explicitly using 'hibernate.dialect' (remove the property setting and it will be selected by default)
2026-07-02T13:27:00.593+05:30  INFO 8648 --- [quitq] [restartedMain] org.hibernate.orm.connections.pooling    : HHH10001005: Database info:
	Database JDBC URL [jdbc:mysql://localhost:3306/quitq]
	Database driver: MySQL Connector/J
	Database dialect: MySQLDialect
	Database version: 9.5
	Default catalog/schema: quitq/undefined
	Autocommit mode: undefined/unknown
	Isolation level: REPEATABLE_READ [default REPEATABLE_READ]
	JDBC fetch size: none
	Pool: DataSourceConnectionProvider
	Minimum pool size: undefined/unknown
	Maximum pool size: undefined/unknown
2026-07-02T13:27:02.317+05:30  INFO 8648 --- [quitq] [restartedMain] org.hibernate.orm.core                   : HHH000489: No JTA platform available (set 'hibernate.transaction.jta.platform' to enable JTA platform integration)
2026-07-02T13:27:02.436+05:30  INFO 8648 --- [quitq] [restartedMain] j.LocalContainerEntityManagerFactoryBean : Initialized JPA EntityManagerFactory for persistence unit 'default'
2026-07-02T13:27:02.554+05:30  INFO 8648 --- [quitq] [restartedMain] o.s.d.j.r.query.QueryEnhancerFactories   : Hibernate is in classpath; If applicable, HQL parser will be used.
2026-07-02T13:27:03.534+05:30  WARN 8648 --- [quitq] [restartedMain] .s.a.UserDetailsServiceAutoConfiguration : 

Using generated security password: c7ab8baf-4478-4e6c-9230-a3b787e230d1

This generated password is for development use only. Your security configuration must be updated before running your application in production.

2026-07-02T13:27:03.558+05:30  INFO 8648 --- [quitq] [restartedMain] r$InitializeUserDetailsManagerConfigurer : Global AuthenticationManager configured with UserDetailsService bean with name inMemoryUserDetailsManager
2026-07-02T13:27:05.041+05:30  INFO 8648 --- [quitq] [restartedMain] o.s.boot.tomcat.TomcatWebServer          : Tomcat started on port 8080 (http) with context path '/'
2026-07-02T13:27:05.061+05:30  INFO 8648 --- [quitq] [restartedMain] com.quitq.QuitqApplication               : Started QuitqApplication in 12.885 seconds (process running for 13.555)
2026-07-02T13:28:15.952+05:30  INFO 8648 --- [quitq] [http-nio-8080-exec-3] o.a.c.c.C.[Tomcat].[localhost].[/]       : Initializing Spring DispatcherServlet 'dispatcherServlet'
2026-07-02T13:28:15.953+05:30  INFO 8648 --- [quitq] [http-nio-8080-exec-3] o.s.web.servlet.DispatcherServlet        : Initializing Servlet 'dispatcherServlet'
2026-07-02T13:28:15.956+05:30  INFO 8648 --- [quitq] [http-nio-8080-exec-3] o.s.web.servlet.DispatcherServlet        : Completed initialization in 3 ms
2026-07-02T13:28:16.044+05:30  INFO 8648 --- [quitq] [http-nio-8080-exec-3] com.quitq.service.UserService            : Login attempt for email: anjali@gmail.com
2026-07-02T13:28:16.925+05:30  INFO 8648 --- [quitq] [http-nio-8080-exec-3] com.quitq.service.UserService            : Login successful for email: anjali@gmail.com
